[debug] [2024-01-01T23:24:45.914Z] ----------------------------------------------------------------------
[debug] [2024-01-01T23:24:45.917Z] Command:       C:\Program Files\nodejs\node.exe C:\Users\Shah Saleem\AppData\Roaming\npm\node_modules\firebase-tools\lib\bin\firebase.js init
[debug] [2024-01-01T23:24:45.918Z] CLI Version:   13.0.2
[debug] [2024-01-01T23:24:45.918Z] Platform:      win32
[debug] [2024-01-01T23:24:45.919Z] Node Version:  v18.10.0
[debug] [2024-01-01T23:24:45.920Z] Time:          Tue Jan 02 2024 04:24:45 GMT+0500 (Pakistan Standard Time)
[debug] [2024-01-01T23:24:45.920Z] ----------------------------------------------------------------------
[debug] 
[debug] [2024-01-01T23:24:45.934Z] > command requires scopes: ["email","openid","https://www.googleapis.com/auth/cloudplatformprojects.readonly","https://www.googleapis.com/auth/firebase","https://www.googleapis.com/auth/cloud-platform"]
[debug] [2024-01-01T23:24:45.935Z] > authorizing via signed-in user (su.sufyanahmed@gmail.com)
[info] 
     ######## #### ########  ######## ########     ###     ######  ########
     ##        ##  ##     ## ##       ##     ##  ##   ##  ##       ##
     ######    ##  ########  ######   ########  #########  ######  ######
     ##        ##  ##    ##  ##       ##     ## ##     ##       ## ##
     ##       #### ##     ## ######## ########  ##     ##  ######  ########

You're about to initialize a Firebase project in this directory:

  C:\Users\Shah Saleem\OneDrive\Desktop\whatsapp

[info] 
=== Project Setup
[info] 
[info] First, let's associate this project directory with a Firebase project.
[info] You can create multiple project aliases by running firebase use --add, 
[info] but for now we'll just set up a default project.
[info] 
[debug] [2024-01-01T23:25:26.052Z] >>> [apiv2][query] GET https://firebase.googleapis.com/v1beta1/projects pageSize=100
[debug] [2024-01-01T23:25:26.861Z] <<< [apiv2][status] GET https://firebase.googleapis.com/v1beta1/projects 200
[debug] [2024-01-01T23:25:26.861Z] <<< [apiv2][body] GET https://firebase.googleapis.com/v1beta1/projects [omitted]
[info] i  Using project whatsapp-5dc35 (WHATSAPP) 
[info] 
=== Hosting Setup
[debug] [2024-01-01T23:25:28.894Z] >>> [apiv2][query] GET https://firebase.googleapis.com/v1beta1/projects/whatsapp-5dc35 [none]
[debug] [2024-01-01T23:25:29.449Z] <<< [apiv2][status] GET https://firebase.googleapis.com/v1beta1/projects/whatsapp-5dc35 200
[debug] [2024-01-01T23:25:29.449Z] <<< [apiv2][body] GET https://firebase.googleapis.com/v1beta1/projects/whatsapp-5dc35 {"projectId":"whatsapp-5dc35","projectNumber":"841237099192","displayName":"WHATSAPP","name":"projects/whatsapp-5dc35","resources":{"hostingSite":"whatsapp-5dc35","realtimeDatabaseInstance":"whatsapp-5dc35-default-rtdb"},"state":"ACTIVE","etag":"1_f9377ccc-819b-4c9a-b8d7-d4485de81a98"}
[info] 
[info] Your public directory is the folder (relative to your project directory) that
[info] will contain Hosting assets to be uploaded with firebase deploy. If you
[info] have a build process for your assets, use your build's output directory.
[info] 
[debug] [2024-01-01T23:26:24.323Z] >>> [apiv2][query] GET https://www.gstatic.com/firebasejs/releases.json [none]
[debug] [2024-01-01T23:26:24.698Z] <<< [apiv2][status] GET https://www.gstatic.com/firebasejs/releases.json 200
[debug] [2024-01-01T23:26:24.698Z] <<< [apiv2][body] GET https://www.gstatic.com/firebasejs/releases.json {"current":{"version":"10.7.1","browserURL":"https://www.gstatic.com/firebasejs/10.7.1/firebase.js","packageURL":"https://www.gstatic.com/firebasejs/10.7.1/firebase.tgz"},"live":{"version":"10.7","browserURL":"https://www.gstatic.com/firebasejs/live/10.7/firebase.js","packageURL":"https://www.gstatic.com/firebasejs/live/10.7/firebase.tgz"},"components":{"analytics":"https://www.gstatic.com/firebasejs/10.7.1/firebase-analytics.js","app":"https://www.gstatic.com/firebasejs/10.7.1/firebase-app.js","app-check":"https://www.gstatic.com/firebasejs/10.7.1/firebase-app-check.js","auth":"https://www.gstatic.com/firebasejs/10.7.1/firebase-auth.js","auth/cordova":"https://www.gstatic.com/firebasejs/10.7.1/firebase-auth/cordova.js","functions":"https://www.gstatic.com/firebasejs/10.7.1/firebase-functions.js","firestore":"https://www.gstatic.com/firebasejs/10.7.1/firebase-firestore.js","firestore/lite":"https://www.gstatic.com/firebasejs/10.7.1/firebase-firestore/lite.js","installations":"https://www.gstatic.com/firebasejs/10.7.1/firebase-installations.js","storage":"https://www.gstatic.com/firebasejs/10.7.1/firebase-storage.js","performance":"https://www.gstatic.com/firebasejs/10.7.1/firebase-performance.js","remote-config":"https://www.gstatic.com/firebasejs/10.7.1/firebase-remote-config.js","messaging":"https://www.gstatic.com/firebasejs/10.7.1/firebase-messaging.js","messaging/sw":"https://www.gstatic.com/firebasejs/10.7.1/firebase-messaging/sw.js","database":"https://www.gstatic.com/firebasejs/10.7.1/firebase-database.js","firestore.memory":"https://www.gstatic.com/firebasejs/10.7.1/firebase-firestore.memory.js"}}
[info] +  Wrote build/index.html 
[info] 
[info] i  Detected a .git folder at C:\Users\Shah Saleem\OneDrive\Desktop\whatsapp 
[info] i  Authorizing with GitHub to upload your service account to a GitHub repository's secrets store. 
[info] 
[info] Visit this URL on this device to log in:
[info] https://github.com/login/oauth/authorize?client_id=89cf50f02ac6aaed3484&state=931554367&redirect_uri=http%3A%2F%2Flocalhost%3A9005&scope=read%3Auser%20repo%20public_repo
[info] 
[info] Waiting for authentication...
[debug] [2024-01-01T23:27:08.408Z] >>> [apiv2][query] POST https://github.com/login/oauth/access_token [none]
[debug] [2024-01-01T23:27:08.408Z] >>> [apiv2][body] POST https://github.com/login/oauth/access_token [stream]
[debug] [2024-01-01T23:27:08.963Z] <<< [apiv2][status] POST https://github.com/login/oauth/access_token 200
[debug] [2024-01-01T23:27:08.963Z] <<< [apiv2][body] POST https://github.com/login/oauth/access_token {"access_token":"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","token_type":"bearer","scope":"read:user,repo"}
[debug] [2024-01-01T23:27:08.969Z] >>> [apiv2][query] GET https://api.github.com/user [none]
[debug] [2024-01-01T23:27:09.496Z] <<< [apiv2][status] GET https://api.github.com/user 200
[debug] [2024-01-01T23:27:09.497Z] <<< [apiv2][body] GET https://api.github.com/user {"login":"sufyanahmed7","id":111635672,"node_id":"U_kgDOBqds2A","avatar_url":"https://avatars.githubusercontent.com/u/111635672?v=4","gravatar_id":"","url":"https://api.github.com/users/sufyanahmed7","html_url":"https://github.com/sufyanahmed7","followers_url":"https://api.github.com/users/sufyanahmed7/followers","following_url":"https://api.github.com/users/sufyanahmed7/following{/other_user}","gists_url":"https://api.github.com/users/sufyanahmed7/gists{/gist_id}","starred_url":"https://api.github.com/users/sufyanahmed7/starred{/owner}{/repo}","subscriptions_url":"https://api.github.com/users/sufyanahmed7/subscriptions","organizations_url":"https://api.github.com/users/sufyanahmed7/orgs","repos_url":"https://api.github.com/users/sufyanahmed7/repos","events_url":"https://api.github.com/users/sufyanahmed7/events{/privacy}","received_events_url":"https://api.github.com/users/sufyanahmed7/received_events","type":"User","site_admin":false,"name":null,"company":null,"blog":"","location":null,"email":null,"hireable":null,"bio":"JS developer","twitter_username":null,"public_repos":3,"public_gists":0,"followers":2,"following":2,"created_at":"2022-08-20T09:35:59Z","updated_at":"2023-10-16T05:53:09Z","private_gists":0,"total_private_repos":0,"owned_private_repos":0,"disk_usage":48698,"collaborators":0,"two_factor_authentication":false,"plan":{"name":"free","space":976562499,"collaborators":0,"private_repos":10000}}
[info] 
[info] +  Success! Logged into GitHub as sufyanahmed7 
[info] 
[debug] [2024-01-01T23:27:23.463Z] >>> [apiv2][query] GET https://api.github.com/repos//actions/secrets/public-key type=owner
[debug] [2024-01-01T23:27:23.983Z] <<< [apiv2][status] GET https://api.github.com/repos//actions/secrets/public-key 404
[debug] [2024-01-01T23:27:23.983Z] <<< [apiv2][body] GET https://api.github.com/repos//actions/secrets/public-key {"message":"Not Found","documentation_url":"https://docs.github.com/rest"}
[info] 
[info] 
[error] !  The provided authorization cannot be used with this repository. If this repository is in an organization, did you remember to grant access? 
[info] 
[info] i  Action required: Visit this URL to ensure access has been granted to the appropriate organization(s) for the Firebase CLI GitHub OAuth App: 
[info] https://github.com/settings/connections/applications/89cf50f02ac6aaed3484
[info] 
[debug] [2024-01-01T23:28:59.001Z] >>> [apiv2][query] GET https://api.github.com/repos/user/Chatroom-Connect/actions/secrets/public-key type=owner
[debug] [2024-01-01T23:28:59.515Z] <<< [apiv2][status] GET https://api.github.com/repos/user/Chatroom-Connect/actions/secrets/public-key 404
[debug] [2024-01-01T23:28:59.515Z] <<< [apiv2][body] GET https://api.github.com/repos/user/Chatroom-Connect/actions/secrets/public-key {"message":"Not Found","documentation_url":"https://docs.github.com/rest/actions/secrets#get-a-repository-public-key"}
[info] 
[info] 
[error] !  The provided authorization cannot be used with this repository. If this repository is in an organization, did you remember to grant access? 
[info] 
[info] i  Action required: Visit this URL to ensure access has been granted to the appropriate organization(s) for the Firebase CLI GitHub OAuth App: 
[info] https://github.com/settings/connections/applications/89cf50f02ac6aaed3484
[info] 
[debug] [2024-01-01T23:28:59.976Z] >>> [apiv2][query] GET https://api.github.com/repos/user/Chatroom-Connect/actions/secrets/public-key type=owner
[debug] [2024-01-01T23:29:00.461Z] <<< [apiv2][status] GET https://api.github.com/repos/user/Chatroom-Connect/actions/secrets/public-key 404
[debug] [2024-01-01T23:29:00.462Z] <<< [apiv2][body] GET https://api.github.com/repos/user/Chatroom-Connect/actions/secrets/public-key {"message":"Not Found","documentation_url":"https://docs.github.com/rest/actions/secrets#get-a-repository-public-key"}
[info] 
[info] 
[error] !  The provided authorization cannot be used with this repository. If this repository is in an organization, did you remember to grant access? 
[info] 
[info] i  Action required: Visit this URL to ensure access has been granted to the appropriate organization(s) for the Firebase CLI GitHub OAuth App: 
[info] https://github.com/settings/connections/applications/89cf50f02ac6aaed3484
[info] 
[debug] [2024-01-01T23:29:07.201Z] >>> [apiv2][query] GET https://api.github.com/repos//actions/secrets/public-key type=owner
[debug] [2024-01-01T23:29:07.393Z] >>> [apiv2][query] GET https://api.github.com/repos//actions/secrets/public-key type=owner
[debug] [2024-01-01T23:29:07.571Z] >>> [apiv2][query] GET https://api.github.com/repos//actions/secrets/public-key type=owner
[debug] [2024-01-01T23:29:07.687Z] <<< [apiv2][status] GET https://api.github.com/repos//actions/secrets/public-key 404
[debug] [2024-01-01T23:29:07.688Z] <<< [apiv2][body] GET https://api.github.com/repos//actions/secrets/public-key {"message":"Not Found","documentation_url":"https://docs.github.com/rest"}
[info] 
[info] 
[error] !  The provided authorization cannot be used with this repository. If this repository is in an organization, did you remember to grant access? 
[info] 
[info] i  Action required: Visit this URL to ensure access has been granted to the appropriate organization(s) for the Firebase CLI GitHub OAuth App: 
[info] https://github.com/settings/connections/applications/89cf50f02ac6aaed3484
[info] 
[debug] [2024-01-01T23:29:07.882Z] <<< [apiv2][status] GET https://api.github.com/repos//actions/secrets/public-key 404
[debug] [2024-01-01T23:29:07.882Z] <<< [apiv2][body] GET https://api.github.com/repos//actions/secrets/public-key {"message":"Not Found","documentation_url":"https://docs.github.com/rest"}
[info] 
[info] 
[error] !  The provided authorization cannot be used with this repository. If this repository is in an organization, did you remember to grant access? 
[info] 
[info] i  Action required: Visit this URL to ensure access has been granted to the appropriate organization(s) for the Firebase CLI GitHub OAuth App: 
[info] https://github.com/settings/connections/applications/89cf50f02ac6aaed3484
[info] 
[debug] [2024-01-01T23:29:08.052Z] <<< [apiv2][status] GET https://api.github.com/repos//actions/secrets/public-key 404
[debug] [2024-01-01T23:29:08.052Z] <<< [apiv2][body] GET https://api.github.com/repos//actions/secrets/public-key {"message":"Not Found","documentation_url":"https://docs.github.com/rest"}
[info] 
[info] 
[error] !  The provided authorization cannot be used with this repository. If this repository is in an organization, did you remember to grant access? 
[info] 
[info] i  Action required: Visit this URL to ensure access has been granted to the appropriate organization(s) for the Firebase CLI GitHub OAuth App: 
[info] https://github.com/settings/connections/applications/89cf50f02ac6aaed3484
[info] 
